/*C2*/SET SCHEMA PUBLIC
DISCONNECT
/*C5*/SET SCHEMA PUBLIC
DISCONNECT
/*C6*/SET SCHEMA PUBLIC
CREATE SCHEMA AEROPUERTOPROYECTO AUTHORIZATION SA
create table AeropuertoProyecto.IMAGES (ID varchar(255) not null, GALLERY varchar(255), IMAGE varbinary(16777216), primary key (ID))
create table AeropuertoProyecto.OXDISCUSSIONCOMMENTS (id varchar(32) not null, comment clob(16777216), discussionId varchar(32), time timestamp, userName varchar(30), primary key (id))
create table AeropuertoProyecto.Persona (oid varchar(32) not null, apellido varchar(30), fotos varchar(32), nombre varchar(30), primary key (oid))
create table AeropuertoProyecto.TuPrimeraEntidad (id varchar(32) not null, descripcion varchar(50), fecha date, importe numeric(19,2), primary key (id))
create index AeropuertoProyecto.IDXbhlx4vunn24ym1tbrlgq8g30m on AeropuertoProyecto.OXDISCUSSIONCOMMENTS (discussionId)
DISCONNECT
/*C7*/SET SCHEMA PUBLIC
DISCONNECT
/*C8*/SET SCHEMA PUBLIC
DISCONNECT
/*C9*/SET SCHEMA PUBLIC
DISCONNECT
/*C10*/SET SCHEMA AEROPUERTOPROYECTO
INSERT INTO PERSONA VALUES('1','mendez','14E8BA49C0A80146000000006F2815FF','alex')
COMMIT
SET SCHEMA PUBLIC
DISCONNECT
/*C11*/SET SCHEMA PUBLIC
DISCONNECT
/*C12*/SET SCHEMA PUBLIC
create table AeropuertoProyecto.Empleado (oid varchar(32) not null, apellido varchar(30), fotos varchar(32), nombre varchar(30), primary key (oid))
SET SCHEMA AEROPUERTOPROYECTO
INSERT INTO EMPLEADO VALUES('hxs','dxw','14F043B9C0A80146000000008BE901E9','xscx')
COMMIT
SET SCHEMA PUBLIC
DISCONNECT
/*C13*/SET SCHEMA PUBLIC
DISCONNECT
/*C14*/SET SCHEMA PUBLIC
DISCONNECT
/*C15*/SET SCHEMA PUBLIC
DISCONNECT
/*C16*/SET SCHEMA PUBLIC
DISCONNECT
/*C17*/SET SCHEMA PUBLIC
DISCONNECT
